<?xml version="1.0" encoding="UTF-8"?>
<testng-results ignored="0" total="1" passed="1" failed="0" skipped="0">
  <reporter-output>
  </reporter-output>
  <suite started-at="2023-05-02T15:13:20 IST" name="Suite" finished-at="2023-05-02T15:13:39 IST" duration-ms="19212">
    <groups>
    </groups>
    <test started-at="2023-05-02T15:13:20 IST" name="Test" finished-at="2023-05-02T15:13:39 IST" duration-ms="19212">
      <class name="day9.task5">
        <test-method is-config="true" signature="set()[pri:0, instance:day9.task5@4f83df68]" started-at="2023-05-02T15:13:20 IST" name="set" finished-at="2023-05-02T15:13:32 IST" duration-ms="11585" status="PASS">
          <reporter-output>
          </reporter-output>
        </test-method> <!-- set -->
        <test-method signature="Case1()[pri:0, instance:day9.task5@4f83df68]" started-at="2023-05-02T15:13:32 IST" name="Case1" finished-at="2023-05-02T15:13:39 IST" duration-ms="7358" status="PASS">
          <reporter-output>
          </reporter-output>
        </test-method> <!-- Case1 -->
        <test-method is-config="true" signature="teardown()[pri:0, instance:day9.task5@4f83df68]" started-at="2023-05-02T15:13:39 IST" name="teardown" finished-at="2023-05-02T15:13:39 IST" duration-ms="208" status="PASS">
          <reporter-output>
          </reporter-output>
        </test-method> <!-- teardown -->
      </class> <!-- day9.task5 -->
    </test> <!-- Test -->
  </suite> <!-- Suite -->
</testng-results>
